This is XeTeX, Version 3.14159265-2.6-0.999992 (MiKTeX 21.1) (preloaded format=xelatex 2021.2.1)  16 MAY 2021 00:12
entering extended mode
**./undergrad-sample-english.tex
(undergrad-sample-english.tex
LaTeX2e <2020-10-01> patch level 4
L3 programming layer <2021-01-09> xparse <2020-03-03> (cpe-english-project.cls

LaTeX Warning: You have requested document class `cpe-english-project',
               but the document class provides `cpe-grad'.

Document Class: cpe-grad 2016/05/30 CPE,KMUTT latex class
(C:\Users\Kat\AppData\Local\Programs\MiKTeX\tex/latex/base\report.cls
Document Class: report 2020/04/10 v1.4m Standard LaTeX document class
(C:\Users\Kat\AppData\Local\Programs\MiKTeX\tex/latex/base\size10.clo
File: size10.clo 2020/04/10 v1.4m Standard LaTeX file (size option)
)
\c@part=\count173
\c@chapter=\count174
\c@section=\count175
\c@subsection=\count176
\c@subsubsection=\count177
\c@paragraph=\count178
\c@subparagraph=\count179
\c@figure=\count180
\c@table=\count181
\abovecaptionskip=\skip47
\belowcaptionskip=\skip48
\bibindent=\dimen138
)
Document Style `CPE thesis/report'.
(C:\Users\Kat\AppData\Local\Programs\MiKTeX\tex/latex/geometry\geometry.sty
Package: geometry 2020/01/02 v5.9 Page Geometry

(C:\Users\Kat\AppData\Local\Programs\MiKTeX\tex/latex/graphics\keyval.sty
Package: keyval 2014/10/28 v1.15 key=value parser (DPC)
\KV@toks@=\toks15
)
(C:\Users\Kat\AppData\Local\Programs\MiKTeX\tex/generic/iftex\ifvtex.sty
Package: ifvtex 2019/10/25 v1.7 ifvtex legacy package. Use iftex instead.

(C:\Users\Kat\AppData\Local\Programs\MiKTeX\tex/generic/iftex\iftex.sty
Package: iftex 2020/03/06 v1.0d TeX engine tests
))
\Gm@cnth=\count182
\Gm@cntv=\count183
\c@Gm@tempcnt=\count184
\Gm@bindingoffset=\dimen139
\Gm@wd@mp=\dimen140
\Gm@odd@mp=\dimen141
\Gm@even@mp=\dimen142
\Gm@layoutwidth=\dimen143
\Gm@layoutheight=\dimen144
\Gm@layouthoffset=\dimen145
\Gm@layoutvoffset=\dimen146
\Gm@dimlist=\toks16

(C:\Users\Kat\AppData\Local\Programs\MiKTeX\tex/xelatex/xetexconfig\geometry.cf
g)) (C:\Users\Kat\AppData\Local\Programs\MiKTeX\tex/latex/graphics\graphicx.sty
Package: graphicx 2020/09/09 v1.2b Enhanced LaTeX Graphics (DPC,SPQR)
(C:\Users\Kat\AppData\Local\Programs\MiKTeX\tex/latex/graphics\graphics.sty
Package: graphics 2020/08/30 v1.4c Standard LaTeX Graphics (DPC,SPQR)

(C:\Users\Kat\AppData\Local\Programs\MiKTeX\tex/latex/graphics\trig.sty
Package: trig 2016/01/03 v1.10 sin cos tan (DPC)
)
(C:\Users\Kat\AppData\Local\Programs\MiKTeX\tex/latex/graphics-cfg\graphics.cfg
File: graphics.cfg 2016/06/04 v1.11 sample graphics configuration
)
Package graphics Info: Driver file: xetex.def on input line 105.
 (C:\Users\Kat\AppData\Local\Programs\MiKTeX\tex/latex/graphics-def\xetex.def
File: xetex.def 2020/08/26 v5.0i Graphics/color driver for xetex
))
\Gin@req@height=\dimen147
\Gin@req@width=\dimen148
) (C:\Users\Kat\AppData\Local\Programs\MiKTeX\tex/latex/latex-tools\array.sty
Package: array 2020/10/01 v2.5c Tabular extension package (FMi)
\col@sep=\dimen149
\ar@mcellbox=\box47
\extrarowheight=\dimen150
\NC@list=\toks17
\extratabsurround=\skip49
\backup@length=\skip50
\ar@cellbox=\box48
) (C:\Users\Kat\AppData\Local\Programs\MiKTeX\tex/latex/amsfonts\amsfonts.sty
Package: amsfonts 2013/01/14 v3.01 Basic AMSFonts support
\@emptytoks=\toks18
\symAMSa=\mathgroup4
\symAMSb=\mathgroup5
LaTeX Font Info:    Redeclaring math symbol \hbar on input line 98.
LaTeX Font Info:    Overwriting math alphabet `\mathfrak' in version `bold'
(Font)                  U/euf/m/n --> U/euf/b/n on input line 106.
)
(C:\Users\Kat\AppData\Local\Programs\MiKTeX\tex/latex/amsmath\amsmath.sty
Package: amsmath 2020/09/23 v2.17i AMS math features
\@mathmargin=\skip51

For additional information on amsmath, use the `?' option.
(C:\Users\Kat\AppData\Local\Programs\MiKTeX\tex/latex/amsmath\amstext.sty
Package: amstext 2000/06/29 v2.01 AMS text

(C:\Users\Kat\AppData\Local\Programs\MiKTeX\tex/latex/amsmath\amsgen.sty
File: amsgen.sty 1999/11/30 v2.0 generic functions
\@emptytoks=\toks19
\ex@=\dimen151
))
(C:\Users\Kat\AppData\Local\Programs\MiKTeX\tex/latex/amsmath\amsbsy.sty
Package: amsbsy 1999/11/29 v1.2d Bold Symbols
\pmbraise@=\dimen152
)
(C:\Users\Kat\AppData\Local\Programs\MiKTeX\tex/latex/amsmath\amsopn.sty
Package: amsopn 2016/03/08 v2.02 operator names
)
\inf@bad=\count185
LaTeX Info: Redefining \frac on input line 234.
\uproot@=\count186
\leftroot@=\count187
LaTeX Info: Redefining \overline on input line 399.
\classnum@=\count188
\DOTSCASE@=\count189
LaTeX Info: Redefining \ldots on input line 496.
LaTeX Info: Redefining \dots on input line 499.
LaTeX Info: Redefining \cdots on input line 620.
\Mathstrutbox@=\box49
\strutbox@=\box50
\big@size=\dimen153
LaTeX Font Info:    Redeclaring font encoding OML on input line 743.
LaTeX Font Info:    Redeclaring font encoding OMS on input line 744.
\macc@depth=\count190
\c@MaxMatrixCols=\count191
\dotsspace@=\muskip16
\c@parentequation=\count192
\dspbrk@lvl=\count193
\tag@help=\toks20
\row@=\count194
\column@=\count195
\maxfields@=\count196
\andhelp@=\toks21
\eqnshift@=\dimen154
\alignsep@=\dimen155
\tagshift@=\dimen156
\tagwidth@=\dimen157
\totwidth@=\dimen158
\lineht@=\dimen159
\@envbody=\toks22
\multlinegap=\skip52
\multlinetaggap=\skip53
\mathdisplay@stack=\toks23
LaTeX Info: Redefining \[ on input line 2923.
LaTeX Info: Redefining \] on input line 2924.
)
(C:\Users\Kat\AppData\Local\Programs\MiKTeX\tex/xelatex/mathspec\mathspec.sty
Package: mathspec 2016/12/22 v0.2b LaTeX Package (Mathematics font selection fo
r XeLaTeX)

(C:\Users\Kat\AppData\Local\Programs\MiKTeX\tex/latex/etoolbox\etoolbox.sty
Package: etoolbox 2020/10/05 v2.5k e-TeX tools for LaTeX (JAW)
\etb@tempcnta=\count197
)
(C:\Users\Kat\AppData\Local\Programs\MiKTeX\tex/generic/iftex\ifxetex.sty
Package: ifxetex 2019/10/25 v0.7 ifxetex legacy package. Use iftex instead.
)
(C:\Users\Kat\AppData\Local\Programs\MiKTeX\tex/latex/fontspec\fontspec.sty
(C:\Users\Kat\AppData\Local\Programs\MiKTeX\tex/latex/l3packages/xparse\xparse.
sty (C:\Users\Kat\AppData\Local\Programs\MiKTeX\tex/latex/l3kernel\expl3.sty
Package: expl3 2021-01-09 L3 programming layer (loader) 

(C:\Users\Kat\AppData\Local\Programs\MiKTeX\tex/latex/l3backend\l3backend-xetex
.def
File: l3backend-xetex.def 2020-01-29 L3 backend support: XeTeX
 ()
\c__kernel_sys_dvipdfmx_version_int=\count198
\l__color_backend_stack_int=\count199
\g__color_backend_stack_int=\count266
\g__graphics_track_int=\count267
\l__pdf_internal_box=\box51
\g__pdf_backend_object_int=\count268
\g__pdf_backend_annotation_int=\count269
\g__pdf_backend_link_int=\count270
))
Package: xparse 2020-10-27 L3 Experimental document command parser

(C:\Users\Kat\AppData\Local\Programs\MiKTeX\tex/latex/l3packages/xparse\xparse-
generic.tex))
Package: fontspec 2020/02/21 v2.7i Font selection for XeLaTeX and LuaLaTeX

(C:\Users\Kat\AppData\Local\Programs\MiKTeX\tex/latex/fontspec\fontspec-xetex.s
ty
Package: fontspec-xetex 2020/02/21 v2.7i Font selection for XeLaTeX and LuaLaTe
X
\l__fontspec_script_int=\count271
\l__fontspec_language_int=\count272
\l__fontspec_strnum_int=\count273
\l__fontspec_tmp_int=\count274
\l__fontspec_tmpa_int=\count275
\l__fontspec_tmpb_int=\count276
\l__fontspec_tmpc_int=\count277
\l__fontspec_em_int=\count278
\l__fontspec_emdef_int=\count279
\l__fontspec_strong_int=\count280
\l__fontspec_strongdef_int=\count281
\l__fontspec_tmpa_dim=\dimen160
\l__fontspec_tmpb_dim=\dimen161
\l__fontspec_tmpc_dim=\dimen162
 (C:\Users\Kat\AppData\Local\Programs\MiKTeX\tex/latex/base\fontenc.sty
Package: fontenc 2020/08/10 v2.0s Standard LaTeX package
)
(C:\Users\Kat\AppData\Local\Programs\MiKTeX\tex/latex/fontspec\fontspec.cfg)))
(C:\Users\Kat\AppData\Local\Programs\MiKTeX\tex/latex/xkeyval\xkeyval.sty
Package: xkeyval 2020/11/20 v2.8 package option processing (HA)

(C:\Users\Kat\AppData\Local\Programs\MiKTeX\tex/generic/xkeyval\xkeyval.tex
(C:\Users\Kat\AppData\Local\Programs\MiKTeX\tex/generic/xkeyval\xkvutils.tex
\XKV@toks=\toks24
\XKV@tempa@toks=\toks25
)
\XKV@depth=\count282
File: xkeyval.tex 2014/12/03 v2.7a key=value parser (HA)
))
\c@eu@=\count283
\c@eu@i=\count284
\c@mkern=\count285
) (C:\Users\Kat\AppData\Local\Programs\MiKTeX\tex/xelatex/xunicode\xunicode.sty
File: xunicode.sty 2011/09/09 v0.981 provides access to latin accents and many 
other characters in Unicode lower plane
(C:\Users\Kat\AppData\Local\Programs\MiKTeX\tex/latex/tipa\t3enc.def
File: t3enc.def 2001/12/31 T3 encoding
)
\tipaTiiicode=\count286
\tipasavetokens=\toks26
\tipachecktokens=\toks27
)
(C:\Users\Kat\AppData\Local\Programs\MiKTeX\tex/latex/xltxtra\xltxtra.sty
Package: xltxtra 2018/12/31 v0.7 Improvements for the "XeLaTeX" format

(C:\Users\Kat\AppData\Local\Programs\MiKTeX\tex/generic/iftex\ifluatex.sty
Package: ifluatex 2019/10/25 v1.5 ifluatex legacy package. Use iftex instead.
)
(C:\Users\Kat\AppData\Local\Programs\MiKTeX\tex/latex/realscripts\realscripts.s
ty
Package: realscripts 2016/02/13 v0.3d Access OpenType subscripts and superscrip
ts
\subsupersep=\dimen163
) (C:\Users\Kat\AppData\Local\Programs\MiKTeX\tex/latex/metalogo\metalogo.sty
Package: metalogo 2010/05/29 v0.12 Extended TeX logo macros
\xl@everylogo=\toks28
\xl@@everylogo=\toks29
LaTeX Info: Redefining \TeX on input line 193.
LaTeX Info: Redefining \LaTeX on input line 202.
LaTeX Info: Redefining \LaTeXe on input line 219.
)
\l__xetex_show_hyphens_wrapping_box=\box52
\l__xetex_show_hyphens_temp_box=\box53
\l__xetex_show_hyphens_final_box=\box54
\g__xetex_show_hyphens_word_box=\box55
) (C:\Users\Kat\AppData\Local\Programs\MiKTeX\tex/latex/url\url.sty
\Urlmuskip=\muskip17
Package: url 2013/09/16  ver 3.4  Verb mode for urls, etc.
)
(C:\Users\Kat\AppData\Local\Programs\MiKTeX\tex/latex/hyperref\hyperref.sty
Package: hyperref 2020-05-15 v7.00e Hypertext links for LaTeX

(C:\Users\Kat\AppData\Local\Programs\MiKTeX\tex/generic/ltxcmds\ltxcmds.sty
Package: ltxcmds 2020-05-10 v1.25 LaTeX kernel commands for general use (HO)
)
(C:\Users\Kat\AppData\Local\Programs\MiKTeX\tex/generic/pdftexcmds\pdftexcmds.s
ty
Package: pdftexcmds 2020-06-27 v0.33 Utility functions of pdfTeX for LuaTeX (HO
)

(C:\Users\Kat\AppData\Local\Programs\MiKTeX\tex/generic/infwarerr\infwarerr.sty
Package: infwarerr 2019/12/03 v1.5 Providing info/warning/error messages (HO)
)
Package pdftexcmds Info: \pdf@primitive is available.
Package pdftexcmds Info: \pdf@ifprimitive is available.
Package pdftexcmds Info: \pdfdraftmode not found.
)
(C:\Users\Kat\AppData\Local\Programs\MiKTeX\tex/generic/kvsetkeys\kvsetkeys.sty
Package: kvsetkeys 2019/12/15 v1.18 Key value parser (HO)
)
(C:\Users\Kat\AppData\Local\Programs\MiKTeX\tex/generic/kvdefinekeys\kvdefineke
ys.sty
Package: kvdefinekeys 2019-12-19 v1.6 Define keys (HO)
)
(C:\Users\Kat\AppData\Local\Programs\MiKTeX\tex/generic/pdfescape\pdfescape.sty
Package: pdfescape 2019/12/09 v1.15 Implements pdfTeX's escape features (HO)
) (C:\Users\Kat\AppData\Local\Programs\MiKTeX\tex/latex/hycolor\hycolor.sty
Package: hycolor 2020-01-27 v1.10 Color options for hyperref/bookmark (HO)
)
(C:\Users\Kat\AppData\Local\Programs\MiKTeX\tex/latex/letltxmacro\letltxmacro.s
ty
Package: letltxmacro 2019/12/03 v1.6 Let assignment for LaTeX macros (HO)
) (C:\Users\Kat\AppData\Local\Programs\MiKTeX\tex/latex/auxhook\auxhook.sty
Package: auxhook 2019-12-17 v1.6 Hooks for auxiliary files (HO)
)
(C:\Users\Kat\AppData\Local\Programs\MiKTeX\tex/latex/kvoptions\kvoptions.sty
Package: kvoptions 2020-10-07 v3.14 Key value format for package options (HO)
)
\@linkdim=\dimen164
\Hy@linkcounter=\count287
\Hy@pagecounter=\count288

(C:\Users\Kat\AppData\Local\Programs\MiKTeX\tex/latex/hyperref\pd1enc.def
File: pd1enc.def 2020-05-15 v7.00e Hyperref: PDFDocEncoding definition (HO)
)
(C:\Users\Kat\AppData\Local\Programs\MiKTeX\tex/generic/intcalc\intcalc.sty
Package: intcalc 2019/12/15 v1.3 Expandable calculations with integers (HO)
)
(C:\Users\Kat\AppData\Local\Programs\MiKTeX\tex/generic/etexcmds\etexcmds.sty
Package: etexcmds 2019/12/15 v1.7 Avoid name clashes with e-TeX commands (HO)
)
\Hy@SavedSpaceFactor=\count289
Package hyperref Info: Hyper figures OFF on input line 4464.
Package hyperref Info: Link nesting OFF on input line 4469.
Package hyperref Info: Hyper index ON on input line 4472.
Package hyperref Info: Plain pages OFF on input line 4479.
Package hyperref Info: Backreferencing OFF on input line 4484.
Package hyperref Info: Implicit mode ON; LaTeX internals redefined.
Package hyperref Info: Bookmarks ON on input line 4717.
\c@Hy@tempcnt=\count290
LaTeX Info: Redefining \url on input line 5076.
\XeTeXLinkMargin=\dimen165

(C:\Users\Kat\AppData\Local\Programs\MiKTeX\tex/generic/bitset\bitset.sty
Package: bitset 2019/12/09 v1.3 Handle bit-vector datatype (HO)

(C:\Users\Kat\AppData\Local\Programs\MiKTeX\tex/generic/bigintcalc\bigintcalc.s
ty
Package: bigintcalc 2019/12/15 v1.5 Expandable calculations on big integers (HO
)
))
\Fld@menulength=\count291
\Field@Width=\dimen166
\Fld@charsize=\dimen167
Package hyperref Info: Hyper figures OFF on input line 6347.
Package hyperref Info: Link nesting OFF on input line 6352.
Package hyperref Info: Hyper index ON on input line 6355.
Package hyperref Info: backreferencing OFF on input line 6362.
Package hyperref Info: Link coloring OFF on input line 6367.
Package hyperref Info: Link coloring with OCG OFF on input line 6372.
Package hyperref Info: PDF/A mode OFF on input line 6377.
LaTeX Info: Redefining \ref on input line 6417.
LaTeX Info: Redefining \pageref on input line 6421.

(C:\Users\Kat\AppData\Local\Programs\MiKTeX\tex/latex/base\atbegshi-ltx.sty
Package: atbegshi-ltx 2020/08/17 v1.0a Emulation of the original atbegshi packa
ge
with kernel methods
)
\Hy@abspage=\count292
\c@Item=\count293
\c@Hfootnote=\count294
)
Package hyperref Info: Driver (autodetected): hxetex.

(C:\Users\Kat\AppData\Local\Programs\MiKTeX\tex/latex/hyperref\hxetex.def
File: hxetex.def 2020-05-15 v7.00e Hyperref driver for XeTeX

(C:\Users\Kat\AppData\Local\Programs\MiKTeX\tex/latex/hyperref\puenc.def
File: puenc.def 2020-05-15 v7.00e Hyperref: PDF Unicode definition (HO)
)
(C:\Users\Kat\AppData\Local\Programs\MiKTeX\tex/generic/stringenc\stringenc.sty
Package: stringenc 2019/11/29 v1.12 Convert strings between diff. encodings (HO
)
)
\pdfm@box=\box56
\c@Hy@AnnotLevel=\count295
\HyField@AnnotCount=\count296
\Fld@listcount=\count297
\c@bookmark@seq@number=\count298

(C:\Users\Kat\AppData\Local\Programs\MiKTeX\tex/latex/rerunfilecheck\rerunfilec
heck.sty
Package: rerunfilecheck 2019/12/05 v1.9 Rerun checks for auxiliary files (HO)

(C:\Users\Kat\AppData\Local\Programs\MiKTeX\tex/latex/base\atveryend-ltx.sty
Package: atveryend-ltx 2020/08/19 v1.0a Emulation of the original atvery packag
e
with kernel methods
)
(C:\Users\Kat\AppData\Local\Programs\MiKTeX\tex/generic/uniquecounter\uniquecou
nter.sty
Package: uniquecounter 2019/12/15 v1.4 Provide unlimited unique counter (HO)
)
Package uniquecounter Info: New unique counter `rerunfilecheck' on input line 2
86.
)
\Hy@SectionHShift=\skip54
)
Package hyperref Info: Option `linktocpage' set `true' on input line 49.
Package hyperref Info: Option `colorlinks' set `true' on input line 49.
\bibindent=\dimen168

(C:\Users\Kat\AppData\Local\Programs\MiKTeX\tex/latex/base\latexsym.sty
Package: latexsym 1998/08/17 v2.2e Standard LaTeX package (lasy symbols)
\symlasy=\mathgroup6
LaTeX Font Info:    Overwriting symbol font `lasy' in version `bold'
(Font)                  U/lasy/m/n --> U/lasy/b/n on input line 52.
)
\c@definition=\count299
)
(C:\Users\Kat\AppData\Local\Programs\MiKTeX\tex/latex/polyglossia\polyglossia.s
ty
Package: polyglossia 2020/12/08 v1.51 Modern multilingual typesetting with XeLa
TeX and LuaLaTeX
 (C:\Users\Kat\AppData\Local\Programs\MiKTeX\tex/latex/makecmds\makecmds.sty
Package: makecmds 2009/09/03 v1.0a extra command making commands
)
(C:\Users\Kat\AppData\Local\Programs\MiKTeX\tex/latex/l3packages/l3keys2e\l3key
s2e.sty
Package: l3keys2e 2020-10-27 LaTeX2e option processing using LaTeX3 keys
)
\xpg@normalclass=\XeTeXcharclass1

(C:\Users\Kat\AppData\Local\Programs\MiKTeX\tex/latex/polyglossia\gloss-latex.l
df
File: gloss-latex.ldf polyglossia: module for default language
The property list \polyglossia@langsetup contains the pairs (without outer
braces):
>  {latex/script}  =>  {latin}
>  {latex/lcscript}  =>  {latin}
>  {latex/scripttag}  =>  {}
>  {latex/language}  =>  {Latex}
>  {latex/langtag}  =>  {ENG}
>  {latex/bcp47}  =>  {}
>  {latex/hyphennames}  =>  {english}
>  {latex/direction}  =>  {LR}
>  {latex/hyphenmins}  =>  {2,3}
>  {latex/frenchspacing}  =>  {false}
>  {latex/indentfirst}  =>  {false}
>  {latex/fontsetup}  =>  {true}
>  {latex/envname}  =>  {latex}
>  {latex/babelname}  =>  {latex}
>  {latex/localnumeral}  =>  {polyglossia@C@localnumeral}
>  {latex/Localnumeral}  =>  {polyglossia@C@localnumeral}.
)
Package polyglossia Info: Default language is latex.
)
(C:\Users\Kat\AppData\Local\Programs\MiKTeX\tex/latex/polyglossia\gloss-english
.ldf
File: gloss-english.ldf polyglossia: module for english
The property list \polyglossia@langsetup contains the pairs (without outer
braces):
>  {latex/script}  =>  {latin}
>  {latex/lcscript}  =>  {latin}
>  {latex/scripttag}  =>  {}
>  {latex/language}  =>  {Latex}
>  {latex/langtag}  =>  {ENG}
>  {latex/bcp47}  =>  {}
>  {latex/hyphennames}  =>  {english}
>  {latex/direction}  =>  {LR}
>  {latex/hyphenmins}  =>  {2,3}
>  {latex/frenchspacing}  =>  {false}
>  {latex/indentfirst}  =>  {false}
>  {latex/fontsetup}  =>  {true}
>  {latex/envname}  =>  {latex}
>  {latex/babelname}  =>  {latex}
>  {latex/localnumeral}  =>  {polyglossia@C@localnumeral}
>  {latex/Localnumeral}  =>  {polyglossia@C@localnumeral}
>  {english/script}  =>  {latin}
>  {english/lcscript}  =>  {latin}
>  {english/scripttag}  =>  {}
>  {english/language}  =>  {English}
>  {english/langtag}  =>  {ENG}
>  {english/bcp47}  =>  {en-US}
>  {english/hyphennames}  =>  {english,american,usenglish,USenglish}
>  {english/direction}  =>  {LR}
>  {english/hyphenmins}  =>  {2,3}
>  {english/frenchspacing}  =>  {false}
>  {english/indentfirst}  =>  {false}
>  {english/fontsetup}  =>  {true}
>  {english/envname}  =>  {english}
>  {english/babelname}  =>  {english}
>  {english/localnumeral}  =>  {polyglossia@C@localnumeral}
>  {english/Localnumeral}  =>  {polyglossia@C@localnumeral}.
Package polyglossia Info: Option: English, variant=american.
)
Package polyglossia Info: Default language is english.

(C:\Users\Kat\AppData\Local\Programs\MiKTeX\tex/latex/polyglossia\gloss-thai.ld
f
File: gloss-thai.ldf polyglossia: module for thai
The property list \polyglossia@langsetup contains the pairs (without outer
braces):
>  {latex/script}  =>  {latin}
>  {latex/lcscript}  =>  {latin}
>  {latex/scripttag}  =>  {}
>  {latex/language}  =>  {Latex}
>  {latex/langtag}  =>  {ENG}
>  {latex/bcp47}  =>  {}
>  {latex/hyphennames}  =>  {english}
>  {latex/direction}  =>  {LR}
>  {latex/hyphenmins}  =>  {2,3}
>  {latex/frenchspacing}  =>  {false}
>  {latex/indentfirst}  =>  {false}
>  {latex/fontsetup}  =>  {true}
>  {latex/envname}  =>  {latex}
>  {latex/babelname}  =>  {latex}
>  {latex/localnumeral}  =>  {polyglossia@C@localnumeral}
>  {latex/Localnumeral}  =>  {polyglossia@C@localnumeral}
>  {english/script}  =>  {latin}
>  {english/lcscript}  =>  {latin}
>  {english/scripttag}  =>  {}
>  {english/language}  =>  {English}
>  {english/langtag}  =>  {ENG}
>  {english/bcp47}  =>  {en-US}
>  {english/hyphennames}  =>  {english,american,usenglish,USenglish}
>  {english/direction}  =>  {LR}
>  {english/hyphenmins}  =>  {2,3}
>  {english/frenchspacing}  =>  {false}
>  {english/indentfirst}  =>  {false}
>  {english/fontsetup}  =>  {true}
>  {english/envname}  =>  {english}
>  {english/babelname}  =>  {american}
>  {english/localnumeral}  =>  {polyglossia@C@localnumeral}
>  {english/Localnumeral}  =>  {polyglossia@C@localnumeral}
>  {thai/script}  =>  {Thai}
>  {thai/lcscript}  =>  {thai}
>  {thai/scripttag}  =>  {thai}
>  {thai/language}  =>  {Thai}
>  {thai/langtag}  =>  {THA}
>  {thai/bcp47}  =>  {th}
>  {thai/hyphennames}  =>  {nohyphenation}
>  {thai/direction}  =>  {LR}
>  {thai/hyphenmins}  =>  {2,3}
>  {thai/frenchspacing}  =>  {false}
>  {thai/indentfirst}  =>  {false}
>  {thai/fontsetup}  =>  {true}
>  {thai/envname}  =>  {thai}
>  {thai/babelname}  =>  {thai}
>  {thai/localnumeral}  =>  {thainumerals}
>  {thai/Localnumeral}  =>  {thainumerals}.
)

Package fontspec Warning: Font "TH Sarabun New" does not contain requested
(fontspec)                Script "Thai".


Package fontspec Info: Font family 'THSarabunNew(0)' created for font 'TH
(fontspec)             Sarabun New' with options [Script=Thai,Scale=1.23].
(fontspec)              
(fontspec)              This font family consists of the following NFSS
(fontspec)             series/shapes:
(fontspec)              
(fontspec)             - 'normal' (m/n) with NFSS spec.: <->s*[1.23]"TH
(fontspec)             Sarabun New/OT:script=latn;language=dflt;"
(fontspec)             - 'small caps'  (m/sc) with NFSS spec.: 
(fontspec)             - 'bold' (b/n) with NFSS spec.: <->s*[1.23]"TH Sarabun
(fontspec)             New/B/OT:script=latn;language=dflt;"
(fontspec)             - 'bold small caps'  (b/sc) with NFSS spec.: 
(fontspec)             - 'italic' (m/it) with NFSS spec.: <->s*[1.23]"TH
(fontspec)             Sarabun New/I/OT:script=latn;language=dflt;"
(fontspec)             - 'italic small caps'  (m/scit) with NFSS spec.: 
(fontspec)             - 'bold italic' (b/it) with NFSS spec.: <->s*[1.23]"TH
(fontspec)             Sarabun New/BI/OT:script=latn;language=dflt;"
(fontspec)             - 'bold italic small caps'  (b/scit) with NFSS spec.: 

(C:\Users\Kat\AppData\Local\Programs\MiKTeX\tex/latex/xcolor\xcolor.sty
Package: xcolor 2016/05/11 v2.12 LaTeX color extensions (UK)

(C:\Users\Kat\AppData\Local\Programs\MiKTeX\tex/latex/graphics-cfg\color.cfg
File: color.cfg 2016/01/02 v1.6 sample color configuration
)
Package xcolor Info: Driver file: xetex.def on input line 225.
Package xcolor Info: Model `cmy' substituted by `cmy0' on input line 1348.
Package xcolor Info: Model `RGB' extended on input line 1364.
Package xcolor Info: Model `HTML' substituted by `rgb' on input line 1366.
Package xcolor Info: Model `Hsb' substituted by `hsb' on input line 1367.
Package xcolor Info: Model `tHsb' substituted by `hsb' on input line 1368.
Package xcolor Info: Model `HSB' substituted by `hsb' on input line 1369.
Package xcolor Info: Model `Gray' substituted by `gray' on input line 1370.
Package xcolor Info: Model `wave' substituted by `hsb' on input line 1371.
)
(C:\Users\Kat\AppData\Local\Programs\MiKTeX\tex/latex/colortbl\colortbl.sty
Package: colortbl 2020/01/04 v1.0e Color table columns (DPC)
\everycr=\toks30
\minrowclearance=\skip55
)
(C:\Users\Kat\AppData\Local\Programs\MiKTeX\tex/latex/forloop\forloop.sty
Package: forloop 2006/09/18 v3.0 For Loops for LaTeX

(C:\Users\Kat\AppData\Local\Programs\MiKTeX\tex/latex/base\ifthen.sty
Package: ifthen 2014/09/29 v1.1c Standard LaTeX ifthen package (DPC)
))
\c@loopcntr=\count300

(C:\Users\Kat\AppData\Local\Programs\MiKTeX\tex/latex/multirow\multirow.sty
Package: multirow 2021/01/29 v2.7 Span multiple rows of a table
\multirow@colwidth=\skip56
\multirow@cntb=\count301
\multirow@dima=\skip57
\bigstrutjot=\dimen169
)

Package fontspec Info: Font family 'TimesNewRoman(0)' created for font 'Times
(fontspec)             New Roman' with options
(fontspec)             [Mapping=tex-text,Scale=1.0,LetterSpace=0.0,Ligatures=Te
X,Scale=1.0,LetterSpace=0,WordSpace=1.0,FakeStretch=1.0].
(fontspec)              
(fontspec)              This font family consists of the following NFSS
(fontspec)             series/shapes:
(fontspec)              
(fontspec)             - 'normal' (m/n) with NFSS spec.: <->s*[1.0]"Times New
(fontspec)             Roman/OT:script=latn;language=dflt;letterspace=0.0;lette
rspace=0;extend=1.0;mapping=tex-text;"
(fontspec)             - 'small caps'  (m/sc) with NFSS spec.:
(fontspec)             <->s*[1.0]"Times New
(fontspec)             Roman/OT:script=latn;language=dflt;letterspace=0.0;lette
rspace=0;extend=1.0;+smcp;mapping=tex-text;"
(fontspec)             and font adjustment code:
(fontspec)             \fontdimen 2\font =1.0\fontdimen 2\font \fontdimen
(fontspec)             3\font =1.0\fontdimen 3\font \fontdimen 4\font
(fontspec)             =1.0\fontdimen 4\font 
(fontspec)             - 'bold' (b/n) with NFSS spec.: <->s*[1.0]"Times New
(fontspec)             Roman/B/OT:script=latn;language=dflt;letterspace=0.0;let
terspace=0;extend=1.0;mapping=tex-text;"
(fontspec)             - 'bold small caps'  (b/sc) with NFSS spec.:
(fontspec)             <->s*[1.0]"Times New
(fontspec)             Roman/B/OT:script=latn;language=dflt;letterspace=0.0;let
terspace=0;extend=1.0;+smcp;mapping=tex-text;"
(fontspec)             and font adjustment code:
(fontspec)             \fontdimen 2\font =1.0\fontdimen 2\font \fontdimen
(fontspec)             3\font =1.0\fontdimen 3\font \fontdimen 4\font
(fontspec)             =1.0\fontdimen 4\font 
(fontspec)             - 'italic' (m/it) with NFSS spec.: <->s*[1.0]"Times New
(fontspec)             Roman/I/OT:script=latn;language=dflt;letterspace=0.0;let
terspace=0;extend=1.0;mapping=tex-text;"
(fontspec)             - 'italic small caps'  (m/scit) with NFSS spec.:
(fontspec)             <->s*[1.0]"Times New
(fontspec)             Roman/I/OT:script=latn;language=dflt;letterspace=0.0;let
terspace=0;extend=1.0;+smcp;mapping=tex-text;"
(fontspec)             and font adjustment code:
(fontspec)             \fontdimen 2\font =1.0\fontdimen 2\font \fontdimen
(fontspec)             3\font =1.0\fontdimen 3\font \fontdimen 4\font
(fontspec)             =1.0\fontdimen 4\font 
(fontspec)             - 'bold italic' (b/it) with NFSS spec.:
(fontspec)             <->s*[1.0]"Times New
(fontspec)             Roman/BI/OT:script=latn;language=dflt;letterspace=0.0;le
tterspace=0;extend=1.0;mapping=tex-text;"
(fontspec)             - 'bold italic small caps'  (b/scit) with NFSS spec.:
(fontspec)             <->s*[1.0]"Times New
(fontspec)             Roman/BI/OT:script=latn;language=dflt;letterspace=0.0;le
tterspace=0;extend=1.0;+smcp;mapping=tex-text;"
(fontspec)             and font adjustment code:
(fontspec)             \fontdimen 2\font =1.0\fontdimen 2\font \fontdimen
(fontspec)             3\font =1.0\fontdimen 3\font \fontdimen 4\font
(fontspec)             =1.0\fontdimen 4\font 

LaTeX Font Info:    Font shape `TU/TimesNewRoman(0)/m/n' will be
(Font)              scaled to size 10.0pt on input line 30.

Package fontspec Info: Font family 'TimesNewRoman(1)' created for font 'Times
(fontspec)             New Roman' with options
(fontspec)             [Mapping=tex-text,Scale=1.0,LetterSpace=0.0,Ligatures=Te
X,Scale=1.0,LetterSpace=0,FakeStretch=1.0].
(fontspec)              
(fontspec)              This font family consists of the following NFSS
(fontspec)             series/shapes:
(fontspec)              
(fontspec)             - 'normal' (m/n) with NFSS spec.: <->s*[1.0]"Times New
(fontspec)             Roman/OT:script=latn;language=dflt;letterspace=0.0;lette
rspace=0;extend=1.0;mapping=tex-text;"
(fontspec)             - 'small caps'  (m/sc) with NFSS spec.:
(fontspec)             <->s*[1.0]"Times New
(fontspec)             Roman/OT:script=latn;language=dflt;letterspace=0.0;lette
rspace=0;extend=1.0;+smcp;mapping=tex-text;"
(fontspec)             - 'bold' (b/n) with NFSS spec.: <->s*[1.0]"Times New
(fontspec)             Roman/B/OT:script=latn;language=dflt;letterspace=0.0;let
terspace=0;extend=1.0;mapping=tex-text;"
(fontspec)             - 'bold small caps'  (b/sc) with NFSS spec.:
(fontspec)             <->s*[1.0]"Times New
(fontspec)             Roman/B/OT:script=latn;language=dflt;letterspace=0.0;let
terspace=0;extend=1.0;+smcp;mapping=tex-text;"
(fontspec)             - 'italic' (m/it) with NFSS spec.: <->s*[1.0]"Times New
(fontspec)             Roman/I/OT:script=latn;language=dflt;letterspace=0.0;let
terspace=0;extend=1.0;mapping=tex-text;"
(fontspec)             - 'italic small caps'  (m/scit) with NFSS spec.:
(fontspec)             <->s*[1.0]"Times New
(fontspec)             Roman/I/OT:script=latn;language=dflt;letterspace=0.0;let
terspace=0;extend=1.0;+smcp;mapping=tex-text;"
(fontspec)             - 'bold italic' (b/it) with NFSS spec.:
(fontspec)             <->s*[1.0]"Times New
(fontspec)             Roman/BI/OT:script=latn;language=dflt;letterspace=0.0;le
tterspace=0;extend=1.0;mapping=tex-text;"
(fontspec)             - 'bold italic small caps'  (b/scit) with NFSS spec.:
(fontspec)             <->s*[1.0]"Times New
(fontspec)             Roman/BI/OT:script=latn;language=dflt;letterspace=0.0;le
tterspace=0;extend=1.0;+smcp;mapping=tex-text;"

\symDigits:m:n=\mathgroup7
LaTeX Font Info:    Font shape `TU/TimesNewRoman(1)/m/n' will be
(Font)              scaled to size 10.0pt on input line 30.
\c@theorem=\count302
\c@lemma=\count303
\c@corollary=\count304

(undergrad-sample-english.aux
LaTeX Info: Redefining \rmfamily on input line 19.
LaTeX Info: Redefining \sffamily on input line 19.
LaTeX Info: Redefining \ttfamily on input line 19.
)
\openout1 = `undergrad-sample-english.aux'.

LaTeX Font Info:    Checking defaults for OML/cmm/m/it on input line 127.
LaTeX Font Info:    ... okay on input line 127.
LaTeX Font Info:    Checking defaults for OMS/cmsy/m/n on input line 127.
LaTeX Font Info:    ... okay on input line 127.
LaTeX Font Info:    Checking defaults for OT1/cmr/m/n on input line 127.
LaTeX Font Info:    ... okay on input line 127.
LaTeX Font Info:    Checking defaults for T1/cmr/m/n on input line 127.
LaTeX Font Info:    ... okay on input line 127.
LaTeX Font Info:    Checking defaults for TS1/cmr/m/n on input line 127.
LaTeX Font Info:    Trying to load font information for TS1+cmr on input line 1
27.

(C:\Users\Kat\AppData\Local\Programs\MiKTeX\tex/latex/base\ts1cmr.fd
File: ts1cmr.fd 2019/12/16 v2.5j Standard LaTeX font definitions
)
LaTeX Font Info:    ... okay on input line 127.
LaTeX Font Info:    Checking defaults for TU/lmr/m/n on input line 127.
LaTeX Font Info:    ... okay on input line 127.
LaTeX Font Info:    Checking defaults for OMX/cmex/m/n on input line 127.
LaTeX Font Info:    ... okay on input line 127.
LaTeX Font Info:    Checking defaults for U/cmr/m/n on input line 127.
LaTeX Font Info:    ... okay on input line 127.
LaTeX Font Info:    Checking defaults for T3/cmr/m/n on input line 127.
LaTeX Font Info:    Trying to load font information for T3+cmr on input line 12
7.

(C:\Users\Kat\AppData\Local\Programs\MiKTeX\tex/latex/tipa\t3cmr.fd
File: t3cmr.fd 2001/12/31 TIPA font definitions
)
LaTeX Font Info:    ... okay on input line 127.
LaTeX Font Info:    Checking defaults for PD1/pdf/m/n on input line 127.
LaTeX Font Info:    ... okay on input line 127.
LaTeX Font Info:    Checking defaults for PU/pdf/m/n on input line 127.
LaTeX Font Info:    ... okay on input line 127.

*geometry* detected driver: pdftex
*geometry* verbose mode - [ preamble ] result:
* driver: pdftex
* paper: a4paper
* layout: <same size as paper>
* layoutoffset:(h,v)=(0.0pt,0.0pt)
* modes: 
* h-part:(L,W,R)=(113.81102pt, 426.79135pt, 56.9055pt)
* v-part:(T,H,B)=(85.35826pt, 702.78308pt, 56.9055pt)
* \paperwidth=597.50787pt
* \paperheight=845.04684pt
* \textwidth=433.62pt
* \textheight=712.49861pt
* \oddsidemargin=36.135pt
* \evensidemargin=41.54103pt
* \topmargin=-22.76228pt
* \headheight=12.0pt
* \headsep=25.0pt
* \topskip=10.0pt
* \footskip=30.0pt
* \marginparwidth=65.0pt
* \marginparsep=11.0pt
* \columnsep=10.0pt
* \skip\footins=9.0pt plus 4.0pt minus 2.0pt
* \hoffset=0.0pt
* \voffset=0.0pt
* \mag=1000
* \@twocolumnfalse
* \@twosidefalse
* \@mparswitchfalse
* \@reversemarginfalse
* (1in=72.27pt=25.4mm, 1cm=28.453pt)

Package hyperref Info: Link coloring ON on input line 127.
(C:\Users\Kat\AppData\Local\Programs\MiKTeX\tex/latex/hyperref\nameref.sty
Package: nameref 2019/09/16 v2.46 Cross-referencing by name of section

(C:\Users\Kat\AppData\Local\Programs\MiKTeX\tex/latex/refcount\refcount.sty
Package: refcount 2019/12/15 v3.6 Data extraction from label references (HO)
)
(C:\Users\Kat\AppData\Local\Programs\MiKTeX\tex/generic/gettitlestring\gettitle
string.sty
Package: gettitlestring 2019/12/15 v1.6 Cleanup title references (HO)
)
\c@section@level=\count305
)
LaTeX Info: Redefining \ref on input line 127.
LaTeX Info: Redefining \pageref on input line 127.
LaTeX Info: Redefining \nameref on input line 127.
 (undergrad-sample-english.out) (undergrad-sample-english.out)
\@outlinefile=\write3
\openout3 = `undergrad-sample-english.out'.

LaTeX Info: Redefining \rmfamily on input line 127.
LaTeX Info: Redefining \sffamily on input line 127.
LaTeX Info: Redefining \ttfamily on input line 127.
File: logo02.jpg Graphic file (type bmp)
<logo02.jpg>

(C:\Users\Kat\AppData\Local\Programs\MiKTeX\tex/generic/stringenc\se-ascii-prin
t.def
File: se-ascii-print.def 2019/11/29 v1.12 stringenc: Printable ASCII characters

) [1


]
LaTeX Font Info:    Trying to load font information for U+msa on input line 137
.

(C:\Users\Kat\AppData\Local\Programs\MiKTeX\tex/latex/amsfonts\umsa.fd
File: umsa.fd 2013/01/14 v3.01 AMS symbols A
)
LaTeX Font Info:    Trying to load font information for U+msb on input line 137
.

(C:\Users\Kat\AppData\Local\Programs\MiKTeX\tex/latex/amsfonts\umsb.fd
File: umsb.fd 2013/01/14 v3.01 AMS symbols B
)
LaTeX Font Info:    Trying to load font information for U+lasy on input line 13
7.

(C:\Users\Kat\AppData\Local\Programs\MiKTeX\tex/latex/base\ulasy.fd
File: ulasy.fd 1998/08/17 v2.2e LaTeX symbol font definitions
)
LaTeX Font Info:    Font shape `TU/TimesNewRoman(1)/m/n' will be
(Font)              scaled to size 7.0pt on input line 137.
LaTeX Font Info:    Font shape `TU/TimesNewRoman(1)/m/n' will be
(Font)              scaled to size 5.0pt on input line 137.

Underfull \hbox (badness 10000) in alignment at lines 137--137
[] [] 
 []

[2]

Package hyperref Warning: bookmark level for unknown chapterx defaults to 0.

LaTeX Font Info:    Font shape `TU/TimesNewRoman(0)/b/n' will be
(Font)              scaled to size 10.0pt on input line 142.

Underfull \hbox (badness 10000) in alignment at lines 147--149
[][] 
 []

[2]
LaTeX Font Info:    Font shape `TU/THSarabunNew(0)/m/n' will be
(Font)              scaled to size 12.29996pt on input line 158.
LaTeX Info: Redefining \rmfamily on input line 159.
LaTeX Info: Redefining \sffamily on input line 159.
LaTeX Info: Redefining \ttfamily on input line 159.
\thai@year=\count306
LaTeX Info: Redefining \rmfamily on input line 159.
LaTeX Info: Redefining \sffamily on input line 159.
LaTeX Info: Redefining \ttfamily on input line 159.
LaTeX Info: Redefining \rmfamily on input line 159.
LaTeX Info: Redefining \sffamily on input line 159.
LaTeX Info: Redefining \ttfamily on input line 159.
\thai@year=\count307
LaTeX Info: Redefining \rmfamily on input line 159.
LaTeX Info: Redefining \sffamily on input line 159.
LaTeX Info: Redefining \ttfamily on input line 159.
LaTeX Info: Redefining \rmfamily on input line 159.
LaTeX Info: Redefining \sffamily on input line 159.
LaTeX Info: Redefining \ttfamily on input line 159.
\thai@year=\count308
LaTeX Info: Redefining \rmfamily on input line 159.
LaTeX Info: Redefining \sffamily on input line 159.
LaTeX Info: Redefining \ttfamily on input line 159.
LaTeX Info: Redefining \rmfamily on input line 159.
LaTeX Info: Redefining \sffamily on input line 159.
LaTeX Info: Redefining \ttfamily on input line 159.
\thai@year=\count309
LaTeX Info: Redefining \rmfamily on input line 159.
LaTeX Info: Redefining \sffamily on input line 159.
LaTeX Info: Redefining \ttfamily on input line 159.
LaTeX Info: Redefining \rmfamily on input line 159.
LaTeX Info: Redefining \sffamily on input line 159.
LaTeX Info: Redefining \ttfamily on input line 159.
\thai@year=\count310
LaTeX Info: Redefining \rmfamily on input line 159.
LaTeX Info: Redefining \sffamily on input line 159.
LaTeX Info: Redefining \ttfamily on input line 159.
LaTeX Info: Redefining \rmfamily on input line 159.
LaTeX Info: Redefining \sffamily on input line 159.
LaTeX Info: Redefining \ttfamily on input line 159.
\thai@year=\count311
LaTeX Info: Redefining \rmfamily on input line 159.
LaTeX Info: Redefining \sffamily on input line 159.
LaTeX Info: Redefining \ttfamily on input line 159.
LaTeX Info: Redefining \rmfamily on input line 159.
LaTeX Info: Redefining \sffamily on input line 159.
LaTeX Info: Redefining \ttfamily on input line 159.
\thai@year=\count312
LaTeX Info: Redefining \rmfamily on input line 159.
LaTeX Info: Redefining \sffamily on input line 159.
LaTeX Info: Redefining \ttfamily on input line 159.
LaTeX Info: Redefining \rmfamily on input line 159.
LaTeX Info: Redefining \sffamily on input line 159.
LaTeX Info: Redefining \ttfamily on input line 159.
\thai@year=\count313
LaTeX Info: Redefining \rmfamily on input line 159.
LaTeX Info: Redefining \sffamily on input line 159.
LaTeX Info: Redefining \ttfamily on input line 159.
LaTeX Info: Redefining \rmfamily on input line 159.
LaTeX Info: Redefining \sffamily on input line 159.
LaTeX Info: Redefining \ttfamily on input line 159.
\thai@year=\count314
LaTeX Info: Redefining \rmfamily on input line 159.
LaTeX Info: Redefining \sffamily on input line 159.
LaTeX Info: Redefining \ttfamily on input line 159.
LaTeX Info: Redefining \rmfamily on input line 159.
LaTeX Info: Redefining \sffamily on input line 159.
LaTeX Info: Redefining \ttfamily on input line 159.
\thai@year=\count315
LaTeX Info: Redefining \rmfamily on input line 159.
LaTeX Info: Redefining \sffamily on input line 159.
LaTeX Info: Redefining \ttfamily on input line 159.
LaTeX Info: Redefining \rmfamily on input line 159.
LaTeX Info: Redefining \sffamily on input line 159.
LaTeX Info: Redefining \ttfamily on input line 159.
\thai@year=\count316
LaTeX Info: Redefining \rmfamily on input line 159.
LaTeX Info: Redefining \sffamily on input line 159.
LaTeX Info: Redefining \ttfamily on input line 159.
LaTeX Info: Redefining \rmfamily on input line 159.
LaTeX Info: Redefining \sffamily on input line 159.
LaTeX Info: Redefining \ttfamily on input line 159.
\thai@year=\count317
LaTeX Info: Redefining \rmfamily on input line 159.
LaTeX Info: Redefining \sffamily on input line 159.
LaTeX Info: Redefining \ttfamily on input line 159.

Overfull \hbox (15.22075pt too wide) in paragraph at lines 161--162
[] \TU/THSarabunNew(0)/m/n/10 ในปัจจุบัน Big Data เป็นสิ่งที่กำลังถูกใช้งานอย่า
งกว้างขวางในภาคธุรกิจและต้องการใช้เครื่องคอมพิวเตอร์หลายเครื่องในการประมวล
 []


Overfull \hbox (3.18845pt too wide) in paragraph at lines 161--162
\TU/THSarabunNew(0)/m/n/10 ผลข้อมูล เนื่องจากคอมพิวเตอร์เพียงเครื่องเดียวไม่เพี
ยงพอสำหรับการประมวลผล ซึ่ง Apache Mesos เป็นเครื่องมือที่จะช่วยในการทำงาน
 []


Overfull \hbox (9.78119pt too wide) in paragraph at lines 161--162
\TU/THSarabunNew(0)/m/n/10 ทรัพยากรที่กำลังถูกใช้อยู่ในระบบ ทำให้การทำงานไม่สำเ
ร็จ หรือทำให้ไม่ได้รับทรัพยากรในการทำงานอย่างเท่าเทียม ผู้จัดทำจึงได้สร้าง NKR-

 []

LaTeX Font Info:    Font shape `TU/THSarabunNew(0)/b/n' will be
(Font)              scaled to size 12.29996pt on input line 167.

Underfull \hbox (badness 10000) in alignment at lines 164--168
[][] 
 []

[3]
LaTeX Font Info:    Font shape `TU/TimesNewRoman(0)/m/n' will be
(Font)              scaled to size 12.0pt on input line 176.
LaTeX Font Info:    Font shape `TU/TimesNewRoman(0)/b/n' will be
(Font)              scaled to size 12.0pt on input line 176.
 [4

] (undergrad-sample-english.toc
LaTeX Info: Redefining \rmfamily on input line 1.
LaTeX Info: Redefining \sffamily on input line 1.
LaTeX Info: Redefining \ttfamily on input line 1.
 [5

])
\tf@toc=\write4
\openout4 = `undergrad-sample-english.toc'.

 [6] (undergrad-sample-english.lot
LaTeX Info: Redefining \rmfamily on input line 1.
LaTeX Info: Redefining \sffamily on input line 1.
LaTeX Info: Redefining \ttfamily on input line 1.
)
\tf@lot=\write5
\openout5 = `undergrad-sample-english.lot'.


[7

] (undergrad-sample-english.lof
LaTeX Info: Redefining \rmfamily on input line 1.
LaTeX Info: Redefining \sffamily on input line 1.
LaTeX Info: Redefining \ttfamily on input line 1.
)
\tf@lof=\write6
\openout6 = `undergrad-sample-english.lof'.

 [8

]
Overfull \hbox (12.98328pt too wide) in paragraph at lines 196--196
[]|\TU/TimesNewRoman(0)/b/n/10 SYMBOL| 
 []

[9

] [10

]
Chapter 1.

Package hyperref Warning: bookmark level for unknown chapterxx defaults to 0.


Package hyperref Warning: Token not allowed in a PDF string (Unicode):
(hyperref)                \kern -5.0pt
(hyperref)                removed on input line 234.

LaTeX Font Info:    Font shape `TU/TimesNewRoman(0)/b/n' will be
(Font)              scaled to size 14.0pt on input line 236.
[1

]
Overfull \hbox (0.66618pt too wide) in paragraph at lines 268--268
[]|\TU/TimesNewRoman(1)/m/n/10 1| 
 []


Overfull \hbox (0.66618pt too wide) in paragraph at lines 268--268
[]|\TU/TimesNewRoman(1)/m/n/10 2| 
 []


Overfull \hbox (0.66618pt too wide) in paragraph at lines 268--268
[]|\TU/TimesNewRoman(1)/m/n/10 3| 
 []


Overfull \hbox (0.66618pt too wide) in paragraph at lines 268--268
[]|\TU/TimesNewRoman(1)/m/n/10 4| 
 []


Overfull \hbox (0.66618pt too wide) in paragraph at lines 268--268
[]|\TU/TimesNewRoman(1)/m/n/10 1| 
 []


Overfull \hbox (0.66618pt too wide) in paragraph at lines 268--268
[]|\TU/TimesNewRoman(1)/m/n/10 2| 
 []


Overfull \hbox (0.66618pt too wide) in paragraph at lines 268--268
[]|\TU/TimesNewRoman(1)/m/n/10 3| 
 []


Overfull \hbox (0.66618pt too wide) in paragraph at lines 268--268
[]|\TU/TimesNewRoman(1)/m/n/10 4| 
 []


Overfull \hbox (0.66618pt too wide) in paragraph at lines 268--268
[]|\TU/TimesNewRoman(1)/m/n/10 1| 
 []


Overfull \hbox (0.66618pt too wide) in paragraph at lines 268--268
[]|\TU/TimesNewRoman(1)/m/n/10 2| 
 []


Overfull \hbox (0.66618pt too wide) in paragraph at lines 268--268
[]|\TU/TimesNewRoman(1)/m/n/10 3| 
 []


Overfull \hbox (0.66618pt too wide) in paragraph at lines 268--268
[]|\TU/TimesNewRoman(1)/m/n/10 4| 
 []


Overfull \hbox (0.66618pt too wide) in paragraph at lines 268--268
[]|\TU/TimesNewRoman(1)/m/n/10 1| 
 []


Overfull \hbox (0.66618pt too wide) in paragraph at lines 268--268
[]|\TU/TimesNewRoman(1)/m/n/10 2| 
 []


Overfull \hbox (0.66618pt too wide) in paragraph at lines 268--268
[]|\TU/TimesNewRoman(1)/m/n/10 3| 
 []


Overfull \hbox (0.66618pt too wide) in paragraph at lines 268--269
[]|\TU/TimesNewRoman(1)/m/n/10 4| 
 []


Underfull \hbox (badness 2073) in paragraph at lines 283--283
[]|\TU/TimesNewRoman(1)/m/n/10 2.1 Explore related work and
 []

[2]
Overfull \hbox (0.66618pt too wide) in paragraph at lines 324--324
[]|\TU/TimesNewRoman(1)/m/n/10 1| 
 []


Overfull \hbox (0.66618pt too wide) in paragraph at lines 324--324
[]|\TU/TimesNewRoman(1)/m/n/10 2| 
 []


Overfull \hbox (0.66618pt too wide) in paragraph at lines 324--324
[]|\TU/TimesNewRoman(1)/m/n/10 3| 
 []


Overfull \hbox (0.66618pt too wide) in paragraph at lines 324--324
[]|\TU/TimesNewRoman(1)/m/n/10 4| 
 []


Overfull \hbox (0.66618pt too wide) in paragraph at lines 324--324
[]|\TU/TimesNewRoman(1)/m/n/10 1| 
 []


Overfull \hbox (0.66618pt too wide) in paragraph at lines 324--324
[]|\TU/TimesNewRoman(1)/m/n/10 2| 
 []


Overfull \hbox (0.66618pt too wide) in paragraph at lines 324--324
[]|\TU/TimesNewRoman(1)/m/n/10 3| 
 []


Overfull \hbox (0.66618pt too wide) in paragraph at lines 324--324
[]|\TU/TimesNewRoman(1)/m/n/10 4| 
 []


Overfull \hbox (0.66618pt too wide) in paragraph at lines 324--324
[]|\TU/TimesNewRoman(1)/m/n/10 1| 
 []


Overfull \hbox (0.66618pt too wide) in paragraph at lines 324--324
[]|\TU/TimesNewRoman(1)/m/n/10 2| 
 []


Overfull \hbox (0.66618pt too wide) in paragraph at lines 324--324
[]|\TU/TimesNewRoman(1)/m/n/10 3| 
 []


Overfull \hbox (0.66618pt too wide) in paragraph at lines 324--324
[]|\TU/TimesNewRoman(1)/m/n/10 4| 
 []


Overfull \hbox (0.66618pt too wide) in paragraph at lines 324--324
[]|\TU/TimesNewRoman(1)/m/n/10 1| 
 []


Overfull \hbox (0.66618pt too wide) in paragraph at lines 324--324
[]|\TU/TimesNewRoman(1)/m/n/10 2| 
 []


Overfull \hbox (0.66618pt too wide) in paragraph at lines 324--324
[]|\TU/TimesNewRoman(1)/m/n/10 3| 
 []


Overfull \hbox (0.66618pt too wide) in paragraph at lines 324--324
[]|\TU/TimesNewRoman(1)/m/n/10 4| 
 []


Overfull \hbox (0.66618pt too wide) in paragraph at lines 324--324
[]|\TU/TimesNewRoman(1)/m/n/10 1| 
 []


Overfull \hbox (0.66618pt too wide) in paragraph at lines 324--324
[]|\TU/TimesNewRoman(1)/m/n/10 2| 
 []


Overfull \hbox (0.66618pt too wide) in paragraph at lines 324--324
[]|\TU/TimesNewRoman(1)/m/n/10 3| 
 []


Overfull \hbox (0.66618pt too wide) in paragraph at lines 324--325
[]|\TU/TimesNewRoman(1)/m/n/10 4| 
 []


Overfull \hbox (2.11548pt too wide) in paragraph at lines 327--327
[]|\TU/TimesNewRoman(0)/b/n/10 5.Implementation| 
 []


Underfull \hbox (badness 10000) in paragraph at lines 329--329
[]|\TU/TimesNewRoman(1)/m/n/10 5.1 Implement
 []


Underfull \hbox (badness 6220) in paragraph at lines 331--331
[]|\TU/TimesNewRoman(1)/m/n/10 5.2 Train model
 []


Underfull \hbox (badness 2828) in paragraph at lines 335--335
\TU/TimesNewRoman(1)/m/n/10 on top scheduler
 []


Underfull \hbox (badness 1755) in paragraph at lines 335--335
\TU/TimesNewRoman(1)/m/n/10 with many situa-
 []


Underfull \hbox (badness 10000) in paragraph at lines 337--337
[]|\TU/TimesNewRoman(1)/m/n/10 6.2 Evaluate
 []


Underfull \hbox (badness 1354) in paragraph at lines 337--337
\TU/TimesNewRoman(1)/m/n/10 model for sched-
 []


Underfull \hbox (badness 1168) in paragraph at lines 339--339
[]|\TU/TimesNewRoman(1)/m/n/10 6.3 Improve way
 []


Underfull \hbox (badness 10000) in paragraph at lines 339--339
\TU/TimesNewRoman(1)/m/n/10 to distributed
 []


Underfull \hbox (badness 10000) in paragraph at lines 341--341
[]|\TU/TimesNewRoman(1)/m/n/10 6.4 Tune model
 []


Underfull \hbox (badness 10000) in paragraph at lines 341--341
\TU/TimesNewRoman(1)/m/n/10 for scheduler
 []


Underfull \hbox (badness 3849) in paragraph at lines 347--347
[]|\TU/TimesNewRoman(1)/m/n/10 7.2 Present final
 []

[3]
Chapter 2.

Package hyperref Warning: Token not allowed in a PDF string (Unicode):
(hyperref)                \kern -5.0pt
(hyperref)                removed on input line 355.

LaTeX Font Info:    Font shape `TU/TimesNewRoman(0)/b/n' will be
(Font)              scaled to size 13.0pt on input line 369.
File: ./image/tasktracker.png Graphic file (type bmp)
<./image/tasktracker.png>

LaTeX Warning: `!h' float specifier changed to `!ht'.

[4

]
File: ./image/vmVSContainer.png Graphic file (type bmp)
<./image/vmVSContainer.png>
 [5]
File: ./image/NN.png Graphic file (type bmp)
<./image/NN.png>
 [6]
File: ./image/MesosArc.png Graphic file (type bmp)
<./image/MesosArc.png>
 [7] [8]
File: ./image/chronos.png Graphic file (type bmp)
<./image/chronos.png>
 [9]
File: ./image/spark.png Graphic file (type bmp)
<./image/spark.png>
 [10]
File: ./image/kafka.png Graphic file (type bmp)
<./image/kafka.png>
 [11] [12]
Chapter 3.

Package hyperref Warning: Token not allowed in a PDF string (Unicode):
(hyperref)                \kern -5.0pt
(hyperref)                removed on input line 535.

File: ./image/SequenceDiagram.png Graphic file (type bmp)
<./image/SequenceDiagram.png>

Overfull \hbox (21.62408pt too wide) in paragraph at lines 548--549
 [][] 
 []

[13

]
Overfull \hbox (25.19997pt too wide) in paragraph at lines 566--575
[][] 
 []


Overfull \hbox (37.59334pt too wide) in paragraph at lines 581--592
[][] 
 []


Overfull \hbox (37.59334pt too wide) in paragraph at lines 598--609
[][] 
 []

[14]
File: ./image/ArchitectureDiagram.png Graphic file (type bmp)
<./image/ArchitectureDiagram.png>

Overfull \hbox (21.62408pt too wide) in paragraph at lines 622--623
 [][] 
 []


Overfull \hbox (25.19997pt too wide) in paragraph at lines 630--647
[][] 
 []

[15]
File: ./image/flowDiagram.png Graphic file (type bmp)
<./image/flowDiagram.png>


LaTeX Warning: `!h' float specifier changed to `!ht'.


Overfull \hbox (6.6353pt too wide) in paragraph at lines 687--696
[][] 
 []


LaTeX Warning: `!h' float specifier changed to `!ht'.

[16]
File: ./image/flowDiagramPredict.png Graphic file (type bmp)
<./image/flowDiagramPredict.png>

Overfull \hbox (21.62408pt too wide) in paragraph at lines 709--710
 [][] 
 []

[17]
File: ./image/database.png Graphic file (type bmp)
<./image/database.png>

Overfull \hbox (6.62868pt too wide) in paragraph at lines 730--760
[][] 
 []


LaTeX Warning: `!h' float specifier changed to `!ht'.

[18]
Overfull \hbox (6.62868pt too wide) in paragraph at lines 772--781
[][] 
 []


LaTeX Warning: `!h' float specifier changed to `!ht'.

[19]
File: ./image/dataPipeline.png Graphic file (type bmp)
<./image/dataPipeline.png>
 [20]
Chapter 4.

Package hyperref Warning: Token not allowed in a PDF string (Unicode):
(hyperref)                \kern -5.0pt
(hyperref)                removed on input line 827.

File: ./image/resourcesCluster.png Graphic file (type bmp)
<./image/resourcesCluster.png>
File: ./image/chap4/task0.png Graphic file (type bmp)
<./image/chap4/task0.png>

LaTeX Warning: `!h' float specifier changed to `!ht'.

[21

]
File: ./image/exampleData.png Graphic file (type bmp)
<./image/exampleData.png>
 [22]
File: ./image/elbow.png Graphic file (type bmp)
<./image/elbow.png>
File: ./image/cluster.png Graphic file (type bmp)
<./image/cluster.png>
 [23]
File: ./image/highcorr.png Graphic file (type bmp)
<./image/highcorr.png>
File: ./image/lowcorr.png Graphic file (type bmp)
<./image/lowcorr.png>
 [24]
File: ./image/chap4/task1.png Graphic file (type bmp)
<./image/chap4/task1.png>
File: ./image/chap4/finfail0-1.png Graphic file (type bmp)
<./image/chap4/finfail0-1.png>
File: ./image/chap4/po1-fail.png Graphic file (type bmp)
<./image/chap4/po1-fail.png>
 [25] [26]
File: ./image/chap4/po1-cpu.png Graphic file (type bmp)
<./image/chap4/po1-cpu.png>
File: ./image/chap4/po1-mem.png Graphic file (type bmp)
<./image/chap4/po1-mem.png>
File: ./image/chap4/po1-load.png Graphic file (type bmp)
<./image/chap4/po1-load.png>
 [27]
File: ./image/chap4/task2.png Graphic file (type bmp)
<./image/chap4/task2.png>
 [28]
File: ./image/chap4/finfail0-2.png Graphic file (type bmp)
<./image/chap4/finfail0-2.png>
File: ./image/chap4/po2-fail.png Graphic file (type bmp)
<./image/chap4/po2-fail.png>
 [29]
File: ./image/chap4/po2-cpu.png Graphic file (type bmp)
<./image/chap4/po2-cpu.png>
File: ./image/chap4/po2-mem.png Graphic file (type bmp)
<./image/chap4/po2-mem.png>
File: ./image/chap4/po2-load.png Graphic file (type bmp)
<./image/chap4/po2-load.png>
 [30]
File: ./image/chap4/task3.png Graphic file (type bmp)
<./image/chap4/task3.png>
 [31]
File: ./image/chap4/finfail0-3.png Graphic file (type bmp)
<./image/chap4/finfail0-3.png>
File: ./image/chap4/po2-fail.png Graphic file (type bmp)
<./image/chap4/po2-fail.png>
File: ./image/chap4/po1-cpu.png Graphic file (type bmp)
<./image/chap4/po1-cpu.png>
File: ./image/chap4/po1-mem.png Graphic file (type bmp)
<./image/chap4/po1-mem.png>
 [32]
File: ./image/chap4/po3-load.png Graphic file (type bmp)
<./image/chap4/po3-load.png>


LaTeX Warning: `!h' float specifier changed to `!ht'.

[33]
Underfull \hbox (badness 10000) in paragraph at lines 1181--1181
[]|\TU/TimesNewRoman(0)/b/n/10 Different
 []


Underfull \hbox (badness 10000) in paragraph at lines 1181--1181
\TU/TimesNewRoman(0)/b/n/10 average
 []


Underfull \hbox (badness 10000) in paragraph at lines 1181--1181
\TU/TimesNewRoman(0)/b/n/10 of tasks
 []


Underfull \hbox (badness 10000) in paragraph at lines 1181--1181
[]|\TU/TimesNewRoman(0)/b/n/10 Number
 []


Underfull \hbox (badness 10000) in paragraph at lines 1181--1181
\TU/TimesNewRoman(0)/b/n/10 of failed
 []


Underfull \hbox (badness 10000) in paragraph at lines 1181--1181
\TU/TimesNewRoman(0)/b/n/10 tasks
 []


Underfull \hbox (badness 10000) in paragraph at lines 1181--1181
[]|\TU/TimesNewRoman(0)/b/n/10 Average
 []


Underfull \hbox (badness 10000) in paragraph at lines 1181--1181
\TU/TimesNewRoman(0)/b/n/10 of CPU
 []


Underfull \hbox (badness 10000) in paragraph at lines 1181--1181
[]|\TU/TimesNewRoman(0)/b/n/10 Average
 []


Underfull \hbox (badness 10000) in paragraph at lines 1181--1181
\TU/TimesNewRoman(0)/b/n/10 of Mem-
 []


Underfull \hbox (badness 10000) in paragraph at lines 1181--1181
\TU/TimesNewRoman(0)/b/n/10 ory
 []


Underfull \hbox (badness 10000) in paragraph at lines 1181--1181
[]|\TU/TimesNewRoman(0)/b/n/10 Average
 []


Underfull \hbox (badness 10000) in paragraph at lines 1181--1181
\TU/TimesNewRoman(0)/b/n/10 of Sys-
 []


Underfull \hbox (badness 10000) in paragraph at lines 1181--1181
\TU/TimesNewRoman(0)/b/n/10 tem load
 []


Underfull \hbox (badness 10000) in paragraph at lines 1181--1182
[]|\TU/TimesNewRoman(0)/b/n/10 Running
 []


Overfull \hbox (2.00157pt too wide) in paragraph at lines 1181--1182
\TU/TimesNewRoman(0)/b/n/10 Time(min)| 
 []


Underfull \hbox (badness 10000) in paragraph at lines 1183--1183
[]|\TU/TimesNewRoman(0)/b/n/10 Original Apache
 []

[34]
Chapter 5.

Package hyperref Warning: Token not allowed in a PDF string (Unicode):
(hyperref)                \kern -5.0pt
(hyperref)                removed on input line 1198.

(undergrad-sample-english.bbl [35

] [36]
Underfull \hbox (badness 10000) in paragraph at lines 4--8
[]\TU/TimesNewRoman(1)/m/n/10 Jonas DeMuro, 2019,  “What is container technolog
y?,” [][]$[][][] [] [][][][][][][][][] [] [][][] [] [][][][] []
 []


Overfull \hbox (15.13pt too wide) in paragraph at lines 55--59
[][][][][][][][][][][][] [] [][] [] [][][][][][][][][][][][][][][][][][][][][][
][][][][][][][][][][][][][][][][][][][][][][][][][][][][][][][][][][][][][][][]
[][][][][][][][][][][]$[][]\TU/TimesNewRoman(1)/m/n/10 ,
 []


Underfull \hbox (badness 6477) in paragraph at lines 73--77
[]\TU/TimesNewRoman(1)/m/n/10 Hargrave Marshall, 2019,  “Deep Learning,” [][]$[
][][][][] [] [] [] [][][] [] [][][][][][][][][][][][] [] [][][] [] [][][][][] [
] [] []
 []

)
The property list \polyglossia@langsetup contains the pairs (without outer
braces):
>  {latex/script}  =>  {latin}
>  {latex/lcscript}  =>  {latin}
>  {latex/scripttag}  =>  {}
>  {latex/language}  =>  {Latex}
>  {latex/langtag}  =>  {ENG}
>  {latex/bcp47}  =>  {}
>  {latex/hyphennames}  =>  {english}
>  {latex/direction}  =>  {LR}
>  {latex/hyphenmins}  =>  {2,3}
>  {latex/frenchspacing}  =>  {false}
>  {latex/indentfirst}  =>  {false}
>  {latex/fontsetup}  =>  {true}
>  {latex/envname}  =>  {latex}
>  {latex/babelname}  =>  {latex}
>  {latex/localnumeral}  =>  {polyglossia@C@localnumeral}
>  {latex/Localnumeral}  =>  {polyglossia@C@localnumeral}
>  {english/script}  =>  {latin}
>  {english/lcscript}  =>  {latin}
>  {english/scripttag}  =>  {}
>  {english/language}  =>  {English}
>  {english/langtag}  =>  {ENG}
>  {english/bcp47}  =>  {en-US}
>  {english/hyphennames}  =>  {english,american,usenglish,USenglish}
>  {english/direction}  =>  {LR}
>  {english/hyphenmins}  =>  {2,3}
>  {english/frenchspacing}  =>  {false}
>  {english/indentfirst}  =>  {false}
>  {english/fontsetup}  =>  {true}
>  {english/envname}  =>  {english}
>  {english/babelname}  =>  {american}
>  {english/localnumeral}  =>  {polyglossia@C@localnumeral}
>  {english/Localnumeral}  =>  {polyglossia@C@localnumeral}
>  {thai/script}  =>  {Thai}
>  {thai/lcscript}  =>  {thai}
>  {thai/scripttag}  =>  {thai}
>  {thai/language}  =>  {Thai}
>  {thai/langtag}  =>  {THA}
>  {thai/bcp47}  =>  {th}
>  {thai/hyphennames}  =>  {nohyphenation}
>  {thai/direction}  =>  {LR}
>  {thai/hyphenmins}  =>  {2,3}
>  {thai/frenchspacing}  =>  {false}
>  {thai/indentfirst}  =>  {false}
>  {thai/fontsetup}  =>  {true}
>  {thai/envname}  =>  {thai}
>  {thai/babelname}  =>  {thai}
>  {thai/localnumeral}  =>  {thainumerals}
>  {thai/Localnumeral}  =>  {thainumerals}.
 [37

] (undergrad-sample-english.aux
LaTeX Info: Redefining \rmfamily on input line 19.
LaTeX Info: Redefining \sffamily on input line 19.
LaTeX Info: Redefining \ttfamily on input line 19.
)
Package rerunfilecheck Info: File `undergrad-sample-english.out' has not change
d.
(rerunfilecheck)             Checksum: BF06A153EC09EB2F5A2F9D80A98F27BA;3921.
 ) 
Here is how much of TeX's memory you used:
 17510 strings out of 412016
 310755 string characters out of 2845349
 722502 words of memory out of 3000000
 36917 multiletter control sequences out of 15000+200000
 406103 words of font info for 76 fonts, out of 3000000 for 9000
 1348 hyphenation exceptions out of 8191
 110i,15n,117p,2090b,514s stack positions out of 5000i,500n,10000p,200000b,50000s

Output written on undergrad-sample-english.pdf (48 pages).
