\BOOKMARK [0][-]{Doc-Start}{ABSTRACT}{}% 1
\BOOKMARK [0][-]{Doc-Start}{THAI\040ABSTRACT}{}% 2
\BOOKMARK [0][-]{Doc-Start}{ACKNOWLEDGMENTS}{}% 3
\BOOKMARK [0][-]{Doc-Start}{CONTENTS}{}% 4
\BOOKMARK [0][-]{Doc-Start}{LIST\040OF\040TABLES}{}% 5
\BOOKMARK [0][-]{Doc-Start}{LIST\040OF\040FIGURES}{}% 6
\BOOKMARK [0][-]{Doc-Start}{LIST\040OF\040SYMBOLS}{}% 7
\BOOKMARK [0][-]{Doc-Start}{LIST\040OF\040TECHNICAL\040VOCABULARY\040AND\040ABBREVATIONS}{}% 8
\BOOKMARK [0][-]{chapter.1}{CHAPTER}{}% 9
\BOOKMARK [0][-]{chapter.1}{Introduction}{}% 10
\BOOKMARK [1][-]{section.1.1}{Problem\040Statement\040and\040Approach}{chapter.1}% 11
\BOOKMARK [1][-]{section.1.2}{Objectives}{chapter.1}% 12
\BOOKMARK [1][-]{section.1.3}{Scope}{chapter.1}% 13
\BOOKMARK [1][-]{section.1.4}{Tasks\040and\040Schedule}{chapter.1}% 14
\BOOKMARK [0][-]{chapter.2}{Background\040Knowledge\040and\040Literature\040Review}{}% 15
\BOOKMARK [1][-]{section.2.1}{Knowledge\040Background}{chapter.2}% 16
\BOOKMARK [1][-]{section.2.2}{Theoretical\040and\040Core\040Concepts}{chapter.2}% 17
\BOOKMARK [2][-]{subsection.2.2.1}{Tasks\040Failures\040Detection}{section.2.2}% 18
\BOOKMARK [2][-]{subsection.2.2.2}{Container\040Technology}{section.2.2}% 19
\BOOKMARK [2][-]{subsection.2.2.3}{Overview\040of\040machine\040learning}{section.2.2}% 20
\BOOKMARK [2][-]{subsection.2.2.4}{AI\040-\040Artificial\040Neural\040network}{section.2.2}% 21
\BOOKMARK [2][-]{subsection.2.2.5}{Deep\040learning}{section.2.2}% 22
\BOOKMARK [1][-]{section.2.3}{Technologies\040survey}{chapter.2}% 23
\BOOKMARK [2][-]{subsection.2.3.1}{Apache\040Mesos}{section.2.3}% 24
\BOOKMARK [2][-]{subsection.2.3.2}{Zookeeper}{section.2.3}% 25
\BOOKMARK [2][-]{subsection.2.3.3}{Elasticsearch}{section.2.3}% 26
\BOOKMARK [2][-]{subsection.2.3.4}{Chronos}{section.2.3}% 27
\BOOKMARK [2][-]{subsection.2.3.5}{Marathon}{section.2.3}% 28
\BOOKMARK [2][-]{subsection.2.3.6}{Spark}{section.2.3}% 29
\BOOKMARK [2][-]{subsection.2.3.7}{Apache\040Kafka}{section.2.3}% 30
\BOOKMARK [1][-]{section.2.4}{Related\040Research}{chapter.2}% 31
\BOOKMARK [0][-]{chapter.3}{Methodology\040and\040Design}{}% 32
\BOOKMARK [1][-]{section.3.1}{Project\040Functionality}{chapter.3}% 33
\BOOKMARK [2][-]{subsection.3.1.1}{Sequence\040diagram}{section.3.1}% 34
\BOOKMARK [2][-]{subsection.3.1.2}{Hypothesis\040testing}{section.3.1}% 35
\BOOKMARK [1][-]{section.3.2}{System\040Architecture}{chapter.3}% 36
\BOOKMARK [2][-]{subsection.3.2.1}{Architecture\040diagram}{section.3.2}% 37
\BOOKMARK [2][-]{subsection.3.2.2}{Policy}{section.3.2}% 38
\BOOKMARK [2][-]{subsection.3.2.3}{Database\040Schema}{section.3.2}% 39
\BOOKMARK [1][-]{section.3.3}{Data\040management\040}{chapter.3}% 40
\BOOKMARK [2][-]{subsection.3.3.1}{Which\040dataset\040is\040use\040for\040training?}{section.3.3}% 41
\BOOKMARK [2][-]{subsection.3.3.2}{Transform\040data\040pipeline}{section.3.3}% 42
\BOOKMARK [0][-]{chapter.4}{Implementation\040Results}{}% 43
\BOOKMARK [1][-]{section.4.1}{Mesos\040Cluster\040Setup}{chapter.4}% 44
\BOOKMARK [1][-]{section.4.2}{Active\040Framework}{chapter.4}% 45
\BOOKMARK [1][-]{section.4.3}{Submit\040task}{chapter.4}% 46
\BOOKMARK [0][-]{chapter.5}{Conclusions}{}% 47
\BOOKMARK [1][-]{section.5.1}{Problems\040and\040Solutions}{chapter.5}% 48
\BOOKMARK [1][-]{section.5.2}{Future\040Works}{chapter.5}% 49
\BOOKMARK [0][-]{section.5.2}{References}{}% 50
